<?xml version="1.0" encoding="UTF-8"?>
<testng-results ignored="0" total="2" passed="2" failed="0" skipped="0">
  <reporter-output>
  </reporter-output>
  <suite started-at="2022-12-10T10:31:59 IST" name="Default suite" finished-at="2022-12-10T10:32:00 IST" duration-ms="86">
    <groups>
    </groups>
    <test started-at="2022-12-10T10:31:59 IST" name="Default test" finished-at="2022-12-10T10:32:00 IST" duration-ms="86">
      <class name="vTEST.GitCode.TestA">
        <test-method signature="Test1()[pri:0, instance:vTEST.GitCode.TestA@2e1d27ba]" started-at="2022-12-10T10:31:59 IST" name="Test1" finished-at="2022-12-10T10:31:59 IST" duration-ms="14" status="PASS">
          <reporter-output>
          </reporter-output>
        </test-method> <!-- Test1 -->
        <test-method signature="Test2()[pri:0, instance:vTEST.GitCode.TestA@2e1d27ba]" started-at="2022-12-10T10:32:00 IST" name="Test2" finished-at="2022-12-10T10:32:00 IST" duration-ms="5" status="PASS">
          <reporter-output>
          </reporter-output>
        </test-method> <!-- Test2 -->
      </class> <!-- vTEST.GitCode.TestA -->
    </test> <!-- Default test -->
  </suite> <!-- Default suite -->
</testng-results>
